Tue May 17 23:16:58 MSK 2022::Threat found in D:\Install\ArtMoney_v8.04\artmoney800rus32.exe
Threat id = 2
Tue May 17 23:16:58 MSK 2022::Threat found in D:\Install\ArtMoney_v8.04\artmoney800rus32.exe
Threat id = 3
Tue May 17 23:16:59 MSK 2022::Threat found in D:\Install\ArtMoney_v8.04\artmoney800rus64.exe
Threat id = 2
Tue May 17 23:16:59 MSK 2022::Threat found in D:\Install\ArtMoney_v8.04\artmoney800rus64.exe
Threat id = 3
Tue May 17 23:18:24 MSK 2022::Threat found in D:\Install\ArtMoney_v8.04\artmoney800rus32.exe
Threat id = 2
Tue May 17 23:18:24 MSK 2022::Threat found in D:\Install\ArtMoney_v8.04\artmoney800rus32.exe
Threat id = 3
Tue May 17 23:18:24 MSK 2022::Threat found in D:\Install\ArtMoney_v8.04\artmoney800rus64.exe
Threat id = 2
Tue May 17 23:18:25 MSK 2022::Threat found in D:\Install\ArtMoney_v8.04\artmoney800rus64.exe
Threat id = 3
Tue May 17 23:54:18 MSK 2022::Threat found in D:\Install\ArtMoney_v8.04\artmoney800rus32.exe
Threat id = 1
Tue May 17 23:54:18 MSK 2022::Threat found in D:\Install\ArtMoney_v8.04\artmoney800rus32.exe
Threat id = 2
Tue May 17 23:54:19 MSK 2022::Threat found in D:\Install\ArtMoney_v8.04\artmoney800rus64.exe
Threat id = 1
Tue May 17 23:54:19 MSK 2022::Threat found in D:\Install\ArtMoney_v8.04\artmoney800rus64.exe
Threat id = 2
Tue May 17 23:58:20 MSK 2022::Threat found in D:\Install\ArtMoney_v8.04\artmoney800rus32.exe
Threat id = 1
Tue May 17 23:58:20 MSK 2022::Threat found in D:\Install\ArtMoney_v8.04\artmoney800rus32.exe
Threat id = 2
Tue May 17 23:58:20 MSK 2022::Threat found in D:\Install\ArtMoney_v8.04\artmoney800rus64.exe
Threat id = 1
Tue May 17 23:58:20 MSK 2022::Threat found in D:\Install\ArtMoney_v8.04\artmoney800rus64.exe
Threat id = 2
Wed May 18 00:03:08 MSK 2022::Threat found in D:\Install\hamachi\hamachi-2-ui.exe
Threat id = 1
Wed May 18 00:03:09 MSK 2022::Threat found in D:\Install\hamachi\hamachi-2-ui.exe
Threat id = 2
Wed May 18 00:03:09 MSK 2022::Threat found in D:\Install\hamachi\LMIGuardianDll.dll
Threat id = 1
Wed May 18 00:03:09 MSK 2022::Threat found in D:\Install\hamachi\LMIGuardianDll.dll
Threat id = 2
Wed May 18 00:03:10 MSK 2022::Threat found in D:\Install\hamachi\LMIGuardianEvt.Dll
Threat id = 2
Wed May 18 00:03:10 MSK 2022::Threat found in D:\Install\hamachi\LMIGuardianSvc.exe
Threat id = 2
Wed May 18 00:03:10 MSK 2022::Threat found in D:\Install\hamachi\x64\hamachi-2.exe
Threat id = 1
Wed May 18 00:03:10 MSK 2022::Threat found in D:\Install\hamachi\x64\hamachi-2.exe
Threat id = 2
Wed May 18 00:03:11 MSK 2022::Threat found in D:\Install\hamachi\x64\hamachi.sys
Threat id = 2
Wed May 18 00:03:11 MSK 2022::Threat found in D:\Install\hamachi\x64\hamdrv.sys
Threat id = 2
Wed May 18 00:03:11 MSK 2022::Threat found in D:\Install\hamachi\x64\LMIGuardianDll.dll
Threat id = 1
Wed May 18 00:03:12 MSK 2022::Threat found in D:\Install\hamachi\x64\LMIGuardianDll.dll
Threat id = 2
Wed May 18 00:03:12 MSK 2022::Threat found in D:\Install\hamachi\x64\LMIGuardianEvt.Dll
Threat id = 2
Wed May 18 00:03:12 MSK 2022::Threat found in D:\Install\hamachi\x64\LMIGuardianSvc.exe
Threat id = 2
Wed May 18 00:04:49 MSK 2022::Threat found in D:\Install\hamachi\hamachi-2-ui.exe
Threat id = 1
Wed May 18 00:04:49 MSK 2022::Threat found in D:\Install\hamachi\hamachi-2-ui.exe
Threat id = 2
Wed May 18 00:04:49 MSK 2022::Threat found in D:\Install\hamachi\LMIGuardianDll.dll
Threat id = 1
Wed May 18 00:04:49 MSK 2022::Threat found in D:\Install\hamachi\LMIGuardianDll.dll
Threat id = 2
Wed May 18 00:04:50 MSK 2022::Threat found in D:\Install\hamachi\LMIGuardianEvt.Dll
Threat id = 2
Wed May 18 00:04:50 MSK 2022::Threat found in D:\Install\hamachi\LMIGuardianSvc.exe
Threat id = 2
Wed May 18 00:04:50 MSK 2022::Threat found in D:\Install\hamachi\x64\hamachi-2.exe
Threat id = 1
Wed May 18 00:04:50 MSK 2022::Threat found in D:\Install\hamachi\x64\hamachi-2.exe
Threat id = 2
Wed May 18 00:04:51 MSK 2022::Threat found in D:\Install\hamachi\x64\hamachi.sys
Threat id = 2
Wed May 18 00:04:51 MSK 2022::Threat found in D:\Install\hamachi\x64\hamdrv.sys
Threat id = 2
Wed May 18 00:04:51 MSK 2022::Threat found in D:\Install\hamachi\x64\LMIGuardianDll.dll
Threat id = 1
Wed May 18 00:04:51 MSK 2022::Threat found in D:\Install\hamachi\x64\LMIGuardianDll.dll
Threat id = 2
Wed May 18 00:04:51 MSK 2022::Threat found in D:\Install\hamachi\x64\LMIGuardianEvt.Dll
Threat id = 2
Wed May 18 00:04:52 MSK 2022::Threat found in D:\Install\hamachi\x64\LMIGuardianSvc.exe
Threat id = 2
Wed May 18 00:21:21 MSK 2022::Threat found in D:\Install\hamachi\hamachi-2-ui.exe
Threat id = 1
Wed May 18 00:22:39 MSK 2022::Threat found in D:\Install\hamachi\hamachi-2-ui.exe
Threat id = 1
Wed May 18 00:22:39 MSK 2022::Threat found in D:\Install\hamachi\hamachi-2-ui.exe
Threat id = 2
Wed May 18 00:22:40 MSK 2022::Threat found in D:\Install\hamachi\LMIGuardianDll.dll
Threat id = 1
Wed May 18 00:22:40 MSK 2022::Threat found in D:\Install\hamachi\LMIGuardianDll.dll
Threat id = 2
Wed May 18 00:22:40 MSK 2022::Threat found in D:\Install\hamachi\LMIGuardianEvt.Dll
Threat id = 2
Wed May 18 00:22:40 MSK 2022::Threat found in D:\Install\hamachi\LMIGuardianSvc.exe
Threat id = 2
Wed May 18 00:22:40 MSK 2022::Threat found in D:\Install\hamachi\x64\hamachi-2.exe
Threat id = 1
Wed May 18 00:22:41 MSK 2022::Threat found in D:\Install\hamachi\x64\hamachi-2.exe
Threat id = 2
Wed May 18 00:22:41 MSK 2022::Threat found in D:\Install\hamachi\x64\hamachi.sys
Threat id = 2
Wed May 18 00:22:41 MSK 2022::Threat found in D:\Install\hamachi\x64\hamdrv.sys
Threat id = 2
Wed May 18 00:22:42 MSK 2022::Threat found in D:\Install\hamachi\x64\LMIGuardianDll.dll
Threat id = 1
Wed May 18 00:22:42 MSK 2022::Threat found in D:\Install\hamachi\x64\LMIGuardianDll.dll
Threat id = 2
Wed May 18 00:22:42 MSK 2022::Threat found in D:\Install\hamachi\x64\LMIGuardianEvt.Dll
Threat id = 2
Wed May 18 00:22:42 MSK 2022::Threat found in D:\Install\hamachi\x64\LMIGuardianSvc.exe
Threat id = 2
Wed May 18 00:25:42 MSK 2022::Threat found in D:\Install\hamachi\hamachi-2-ui.exe
Threat id = 1
Wed May 18 00:25:43 MSK 2022::Threat found in D:\Install\hamachi\hamachi-2-ui.exe
Threat id = 2
Wed May 18 00:25:43 MSK 2022::Threat found in D:\Install\hamachi\LMIGuardianDll.dll
Threat id = 1
Wed May 18 00:25:43 MSK 2022::Threat found in D:\Install\hamachi\LMIGuardianDll.dll
Threat id = 2
Wed May 18 00:25:44 MSK 2022::Threat found in D:\Install\hamachi\LMIGuardianEvt.Dll
Threat id = 2
Wed May 18 00:25:44 MSK 2022::Threat found in D:\Install\hamachi\LMIGuardianSvc.exe
Threat id = 2
Wed May 18 00:25:44 MSK 2022::Threat found in D:\Install\hamachi\x64\hamachi-2.exe
Threat id = 1
Wed May 18 00:25:44 MSK 2022::Threat found in D:\Install\hamachi\x64\hamachi-2.exe
Threat id = 2
Wed May 18 00:25:45 MSK 2022::Threat found in D:\Install\hamachi\x64\hamachi.sys
Threat id = 2
Wed May 18 00:25:45 MSK 2022::Threat found in D:\Install\hamachi\x64\hamdrv.sys
Threat id = 2
Wed May 18 00:25:45 MSK 2022::Threat found in D:\Install\hamachi\x64\LMIGuardianDll.dll
Threat id = 1
Wed May 18 00:25:45 MSK 2022::Threat found in D:\Install\hamachi\x64\LMIGuardianDll.dll
Threat id = 2
Wed May 18 00:25:46 MSK 2022::Threat found in D:\Install\hamachi\x64\LMIGuardianEvt.Dll
Threat id = 2
Wed May 18 00:25:46 MSK 2022::Threat found in D:\Install\hamachi\x64\LMIGuardianSvc.exe
Threat id = 2
Wed May 18 00:26:21 MSK 2022::Threat found in D:\Install\hamachi\hamachi-2-ui.exe
Threat id = 1
Wed May 18 00:26:21 MSK 2022::Threat found in D:\Install\hamachi\hamachi-2-ui.exe
Threat id = 2
Wed May 18 00:26:21 MSK 2022::Threat found in D:\Install\hamachi\LMIGuardianDll.dll
Threat id = 1
Wed May 18 00:26:21 MSK 2022::Threat found in D:\Install\hamachi\LMIGuardianDll.dll
Threat id = 2
Wed May 18 00:26:22 MSK 2022::Threat found in D:\Install\hamachi\LMIGuardianEvt.Dll
Threat id = 2
Wed May 18 00:26:22 MSK 2022::Threat found in D:\Install\hamachi\LMIGuardianSvc.exe
Threat id = 2
Wed May 18 00:26:22 MSK 2022::Threat found in D:\Install\hamachi\x64\hamachi-2.exe
Threat id = 1
Wed May 18 00:26:22 MSK 2022::Threat found in D:\Install\hamachi\x64\hamachi-2.exe
Threat id = 2
Wed May 18 00:26:23 MSK 2022::Threat found in D:\Install\hamachi\x64\hamachi.sys
Threat id = 2
Wed May 18 00:26:23 MSK 2022::Threat found in D:\Install\hamachi\x64\hamdrv.sys
Threat id = 2
Wed May 18 00:26:23 MSK 2022::Threat found in D:\Install\hamachi\x64\LMIGuardianDll.dll
Threat id = 1
Wed May 18 00:26:23 MSK 2022::Threat found in D:\Install\hamachi\x64\LMIGuardianDll.dll
Threat id = 2
Wed May 18 00:26:24 MSK 2022::Threat found in D:\Install\hamachi\x64\LMIGuardianEvt.Dll
Threat id = 2
Wed May 18 00:26:24 MSK 2022::Threat found in D:\Install\hamachi\x64\LMIGuardianSvc.exe
Threat id = 2
Wed May 18 00:29:55 MSK 2022::Threat found in D:\Install\hamachi\hamachi-2-ui.exe
Threat id = 1
Wed May 18 00:29:55 MSK 2022::Threat found in D:\Install\hamachi\hamachi-2-ui.exe
Threat id = 2
Wed May 18 00:29:55 MSK 2022::Threat found in D:\Install\hamachi\LMIGuardianDll.dll
Threat id = 1
Wed May 18 00:29:55 MSK 2022::Threat found in D:\Install\hamachi\LMIGuardianDll.dll
Threat id = 2
Wed May 18 00:29:55 MSK 2022::Threat found in D:\Install\hamachi\LMIGuardianEvt.Dll
Threat id = 2
Wed May 18 00:29:56 MSK 2022::Threat found in D:\Install\hamachi\LMIGuardianSvc.exe
Threat id = 2
Wed May 18 00:29:56 MSK 2022::Threat found in D:\Install\hamachi\x64\hamachi-2.exe
Threat id = 1
Wed May 18 00:29:56 MSK 2022::Threat found in D:\Install\hamachi\x64\hamachi-2.exe
Threat id = 2
Wed May 18 00:29:56 MSK 2022::Threat found in D:\Install\hamachi\x64\hamachi.sys
Threat id = 2
Wed May 18 00:29:57 MSK 2022::Threat found in D:\Install\hamachi\x64\hamdrv.sys
Threat id = 2
Wed May 18 00:29:57 MSK 2022::Threat found in D:\Install\hamachi\x64\LMIGuardianDll.dll
Threat id = 1
Wed May 18 00:29:57 MSK 2022::Threat found in D:\Install\hamachi\x64\LMIGuardianDll.dll
Threat id = 2
Wed May 18 00:29:57 MSK 2022::Threat found in D:\Install\hamachi\x64\LMIGuardianEvt.Dll
Threat id = 2
Wed May 18 00:29:58 MSK 2022::Threat found in D:\Install\hamachi\x64\LMIGuardianSvc.exe
Threat id = 2
Wed May 18 00:31:42 MSK 2022::Threat found in D:\Install\hamachi\hamachi-2-ui.exe
Threat id = 1
Wed May 18 00:31:43 MSK 2022::Threat found in D:\Install\hamachi\hamachi-2-ui.exe
Threat id = 2
Wed May 18 00:31:43 MSK 2022::Threat found in D:\Install\hamachi\LMIGuardianDll.dll
Threat id = 1
Wed May 18 00:31:43 MSK 2022::Threat found in D:\Install\hamachi\LMIGuardianDll.dll
Threat id = 2
Wed May 18 00:31:43 MSK 2022::Threat found in D:\Install\hamachi\LMIGuardianEvt.Dll
Threat id = 2
Wed May 18 00:31:44 MSK 2022::Threat found in D:\Install\hamachi\LMIGuardianSvc.exe
Threat id = 2
Wed May 18 00:31:44 MSK 2022::Threat found in D:\Install\hamachi\x64\hamachi-2.exe
Threat id = 1
Wed May 18 00:31:44 MSK 2022::Threat found in D:\Install\hamachi\x64\hamachi-2.exe
Threat id = 2
Wed May 18 00:31:44 MSK 2022::Threat found in D:\Install\hamachi\x64\hamachi.sys
Threat id = 2
Wed May 18 00:31:44 MSK 2022::Threat found in D:\Install\hamachi\x64\hamdrv.sys
Threat id = 2
Wed May 18 00:31:45 MSK 2022::Threat found in D:\Install\hamachi\x64\LMIGuardianDll.dll
Threat id = 1
Wed May 18 00:31:45 MSK 2022::Threat found in D:\Install\hamachi\x64\LMIGuardianDll.dll
Threat id = 2
Wed May 18 00:31:45 MSK 2022::Threat found in D:\Install\hamachi\x64\LMIGuardianEvt.Dll
Threat id = 2
Wed May 18 00:31:45 MSK 2022::Threat found in D:\Install\hamachi\x64\LMIGuardianSvc.exe
Threat id = 2
Wed May 18 00:33:27 MSK 2022::Threat found in D:\Install\hamachi\hamachi-2-ui.exe
Threat id = 1
Wed May 18 00:33:28 MSK 2022::Threat found in D:\Install\hamachi\hamachi-2-ui.exe
Threat id = 2
Wed May 18 00:33:28 MSK 2022::Threat found in D:\Install\hamachi\LMIGuardianDll.dll
Threat id = 1
Wed May 18 00:33:28 MSK 2022::Threat found in D:\Install\hamachi\LMIGuardianDll.dll
Threat id = 2
Wed May 18 00:33:29 MSK 2022::Threat found in D:\Install\hamachi\LMIGuardianEvt.Dll
Threat id = 2
Wed May 18 00:33:29 MSK 2022::Threat found in D:\Install\hamachi\LMIGuardianSvc.exe
Threat id = 2
Wed May 18 00:33:29 MSK 2022::Threat found in D:\Install\hamachi\x64\hamachi-2.exe
Threat id = 1
Wed May 18 00:33:29 MSK 2022::Threat found in D:\Install\hamachi\x64\hamachi-2.exe
Threat id = 2
Wed May 18 00:33:30 MSK 2022::Threat found in D:\Install\hamachi\x64\hamachi.sys
Threat id = 2
Wed May 18 00:33:30 MSK 2022::Threat found in D:\Install\hamachi\x64\hamdrv.sys
Threat id = 2
Wed May 18 00:33:30 MSK 2022::Threat found in D:\Install\hamachi\x64\LMIGuardianDll.dll
Threat id = 1
Wed May 18 00:33:30 MSK 2022::Threat found in D:\Install\hamachi\x64\LMIGuardianDll.dll
Threat id = 2
Wed May 18 00:33:30 MSK 2022::Threat found in D:\Install\hamachi\x64\LMIGuardianEvt.Dll
Threat id = 2
Wed May 18 00:33:31 MSK 2022::Threat found in D:\Install\hamachi\x64\LMIGuardianSvc.exe
Threat id = 2
Wed May 18 00:34:12 MSK 2022::Threat found in D:\Install\hamachi\hamachi-2-ui.exe
Threat id = 1
Wed May 18 00:34:13 MSK 2022::Threat found in D:\Install\hamachi\hamachi-2-ui.exe
Threat id = 2
Wed May 18 00:34:13 MSK 2022::Threat found in D:\Install\hamachi\LMIGuardianDll.dll
Threat id = 1
Wed May 18 00:34:13 MSK 2022::Threat found in D:\Install\hamachi\LMIGuardianDll.dll
Threat id = 2
Wed May 18 00:34:13 MSK 2022::Threat found in D:\Install\hamachi\LMIGuardianEvt.Dll
Threat id = 2
Wed May 18 00:34:13 MSK 2022::Threat found in D:\Install\hamachi\LMIGuardianSvc.exe
Threat id = 2
Wed May 18 00:34:14 MSK 2022::Threat found in D:\Install\hamachi\x64\hamachi-2.exe
Threat id = 1
Wed May 18 00:34:14 MSK 2022::Threat found in D:\Install\hamachi\x64\hamachi-2.exe
Threat id = 2
Wed May 18 00:34:14 MSK 2022::Threat found in D:\Install\hamachi\x64\hamachi.sys
Threat id = 2
Wed May 18 00:34:14 MSK 2022::Threat found in D:\Install\hamachi\x64\hamdrv.sys
Threat id = 2
Wed May 18 00:34:15 MSK 2022::Threat found in D:\Install\hamachi\x64\LMIGuardianDll.dll
Threat id = 1
Wed May 18 00:34:15 MSK 2022::Threat found in D:\Install\hamachi\x64\LMIGuardianDll.dll
Threat id = 2
Wed May 18 00:34:15 MSK 2022::Threat found in D:\Install\hamachi\x64\LMIGuardianEvt.Dll
Threat id = 2
Wed May 18 00:34:15 MSK 2022::Threat found in D:\Install\hamachi\x64\LMIGuardianSvc.exe
Threat id = 2
Wed May 18 00:40:07 MSK 2022::Threat found in D:\Install\hamachi\hamachi-2-ui.exe
Threat id = 1
Wed May 18 00:40:08 MSK 2022::Threat found in D:\Install\hamachi\hamachi-2-ui.exe
Threat id = 2
Wed May 18 00:40:08 MSK 2022::Threat found in D:\Install\hamachi\LMIGuardianDll.dll
Threat id = 1
Wed May 18 00:40:08 MSK 2022::Threat found in D:\Install\hamachi\LMIGuardianDll.dll
Threat id = 2
Wed May 18 00:40:08 MSK 2022::Threat found in D:\Install\hamachi\LMIGuardianEvt.Dll
Threat id = 2
Wed May 18 00:40:09 MSK 2022::Threat found in D:\Install\hamachi\LMIGuardianSvc.exe
Threat id = 2
Wed May 18 00:40:09 MSK 2022::Threat found in D:\Install\hamachi\x64\hamachi-2.exe
Threat id = 1
Wed May 18 00:40:09 MSK 2022::Threat found in D:\Install\hamachi\x64\hamachi-2.exe
Threat id = 2
Wed May 18 00:40:09 MSK 2022::Threat found in D:\Install\hamachi\x64\hamachi.sys
Threat id = 2
Wed May 18 00:40:10 MSK 2022::Threat found in D:\Install\hamachi\x64\hamdrv.sys
Threat id = 2
Wed May 18 00:40:10 MSK 2022::Threat found in D:\Install\hamachi\x64\LMIGuardianDll.dll
Threat id = 1
Wed May 18 00:40:10 MSK 2022::Threat found in D:\Install\hamachi\x64\LMIGuardianDll.dll
Threat id = 2
Wed May 18 00:40:10 MSK 2022::Threat found in D:\Install\hamachi\x64\LMIGuardianEvt.Dll
Threat id = 2
Wed May 18 00:40:11 MSK 2022::Threat found in D:\Install\hamachi\x64\LMIGuardianSvc.exe
Threat id = 2
Wed May 18 00:41:30 MSK 2022::Threat found in D:\Install\hamachi\hamachi-2-ui.exe
Threat id = 1
Wed May 18 00:41:30 MSK 2022::Threat found in D:\Install\hamachi\hamachi-2-ui.exe
Threat id = 2
Wed May 18 00:41:30 MSK 2022::Threat found in D:\Install\hamachi\LMIGuardianDll.dll
Threat id = 1
Wed May 18 00:41:30 MSK 2022::Threat found in D:\Install\hamachi\LMIGuardianDll.dll
Threat id = 2
Wed May 18 00:41:30 MSK 2022::Threat found in D:\Install\hamachi\LMIGuardianEvt.Dll
Threat id = 2
Wed May 18 00:41:31 MSK 2022::Threat found in D:\Install\hamachi\LMIGuardianSvc.exe
Threat id = 2
Wed May 18 00:41:31 MSK 2022::Threat found in D:\Install\hamachi\x64\hamachi-2.exe
Threat id = 1
Wed May 18 00:41:31 MSK 2022::Threat found in D:\Install\hamachi\x64\hamachi-2.exe
Threat id = 2
Wed May 18 00:41:32 MSK 2022::Threat found in D:\Install\hamachi\x64\hamachi.sys
Threat id = 2
Wed May 18 00:41:32 MSK 2022::Threat found in D:\Install\hamachi\x64\hamdrv.sys
Threat id = 2
Wed May 18 00:41:32 MSK 2022::Threat found in D:\Install\hamachi\x64\LMIGuardianDll.dll
Threat id = 1
Wed May 18 00:41:32 MSK 2022::Threat found in D:\Install\hamachi\x64\LMIGuardianDll.dll
Threat id = 2
Wed May 18 00:41:32 MSK 2022::Threat found in D:\Install\hamachi\x64\LMIGuardianEvt.Dll
Threat id = 2
Wed May 18 00:41:33 MSK 2022::Threat found in D:\Install\hamachi\x64\LMIGuardianSvc.exe
Threat id = 2
Wed May 18 00:43:37 MSK 2022::Threat found in D:\Install\hamachi\hamachi-2-ui.exe
Threat id = 1
Wed May 18 00:43:37 MSK 2022::Threat found in D:\Install\hamachi\hamachi-2-ui.exe
Threat id = 2
Wed May 18 00:43:37 MSK 2022::Threat found in D:\Install\hamachi\LMIGuardianDll.dll
Threat id = 1
Wed May 18 00:43:37 MSK 2022::Threat found in D:\Install\hamachi\LMIGuardianDll.dll
Threat id = 2
Wed May 18 00:43:38 MSK 2022::Threat found in D:\Install\hamachi\LMIGuardianEvt.Dll
Threat id = 2
Wed May 18 00:43:38 MSK 2022::Threat found in D:\Install\hamachi\LMIGuardianSvc.exe
Threat id = 2
Wed May 18 00:43:38 MSK 2022::Threat found in D:\Install\hamachi\x64\hamachi-2.exe
Threat id = 1
Wed May 18 00:43:38 MSK 2022::Threat found in D:\Install\hamachi\x64\hamachi-2.exe
Threat id = 2
Wed May 18 00:43:39 MSK 2022::Threat found in D:\Install\hamachi\x64\hamachi.sys
Threat id = 2
Wed May 18 00:43:39 MSK 2022::Threat found in D:\Install\hamachi\x64\hamdrv.sys
Threat id = 2
Wed May 18 00:43:39 MSK 2022::Threat found in D:\Install\hamachi\x64\LMIGuardianDll.dll
Threat id = 1
Wed May 18 00:43:39 MSK 2022::Threat found in D:\Install\hamachi\x64\LMIGuardianDll.dll
Threat id = 2
Wed May 18 00:43:40 MSK 2022::Threat found in D:\Install\hamachi\x64\LMIGuardianEvt.Dll
Threat id = 2
Wed May 18 00:43:40 MSK 2022::Threat found in D:\Install\hamachi\x64\LMIGuardianSvc.exe
Threat id = 2
Wed May 18 00:44:04 MSK 2022::Threat found in D:\Install\hamachi\hamachi-2-ui.exe
Threat id = 1
Wed May 18 00:44:04 MSK 2022::Threat found in D:\Install\hamachi\hamachi-2-ui.exe
Threat id = 2
Wed May 18 00:44:05 MSK 2022::Threat found in D:\Install\hamachi\LMIGuardianDll.dll
Threat id = 1
Wed May 18 00:44:05 MSK 2022::Threat found in D:\Install\hamachi\LMIGuardianDll.dll
Threat id = 2
Wed May 18 00:44:05 MSK 2022::Threat found in D:\Install\hamachi\LMIGuardianEvt.Dll
Threat id = 2
Wed May 18 00:44:06 MSK 2022::Threat found in D:\Install\hamachi\LMIGuardianSvc.exe
Threat id = 2
Wed May 18 00:44:06 MSK 2022::Threat found in D:\Install\hamachi\x64\hamachi-2.exe
Threat id = 1
Wed May 18 00:44:06 MSK 2022::Threat found in D:\Install\hamachi\x64\hamachi-2.exe
Threat id = 2
Wed May 18 00:44:07 MSK 2022::Threat found in D:\Install\hamachi\x64\hamachi.sys
Threat id = 2
Wed May 18 00:44:07 MSK 2022::Threat found in D:\Install\hamachi\x64\hamdrv.sys
Threat id = 2
Wed May 18 00:44:07 MSK 2022::Threat found in D:\Install\hamachi\x64\LMIGuardianDll.dll
Threat id = 1
Wed May 18 00:44:07 MSK 2022::Threat found in D:\Install\hamachi\x64\LMIGuardianDll.dll
Threat id = 2
Wed May 18 00:44:08 MSK 2022::Threat found in D:\Install\hamachi\x64\LMIGuardianEvt.Dll
Threat id = 2
Wed May 18 00:44:08 MSK 2022::Threat found in D:\Install\hamachi\x64\LMIGuardianSvc.exe
Threat id = 2
Wed May 18 00:48:43 MSK 2022::Threat found in D:\Install\hamachi\hamachi-2-ui.exe
Threat id = 1
Wed May 18 00:48:44 MSK 2022::Threat found in D:\Install\hamachi\hamachi-2-ui.exe
Threat id = 2
Wed May 18 00:48:44 MSK 2022::Threat found in D:\Install\hamachi\LMIGuardianDll.dll
Threat id = 1
Wed May 18 00:48:44 MSK 2022::Threat found in D:\Install\hamachi\LMIGuardianDll.dll
Threat id = 2
Wed May 18 00:48:44 MSK 2022::Threat found in D:\Install\hamachi\LMIGuardianEvt.Dll
Threat id = 2
Wed May 18 00:48:45 MSK 2022::Threat found in D:\Install\hamachi\LMIGuardianSvc.exe
Threat id = 2
Wed May 18 00:48:45 MSK 2022::Threat found in D:\Install\hamachi\x64\hamachi-2.exe
Threat id = 1
Wed May 18 00:48:45 MSK 2022::Threat found in D:\Install\hamachi\x64\hamachi-2.exe
Threat id = 2
Wed May 18 00:48:46 MSK 2022::Threat found in D:\Install\hamachi\x64\hamachi.sys
Threat id = 2
Wed May 18 00:48:46 MSK 2022::Threat found in D:\Install\hamachi\x64\hamdrv.sys
Threat id = 2
Wed May 18 00:48:46 MSK 2022::Threat found in D:\Install\hamachi\x64\LMIGuardianDll.dll
Threat id = 1
Wed May 18 00:48:46 MSK 2022::Threat found in D:\Install\hamachi\x64\LMIGuardianDll.dll
Threat id = 2
Wed May 18 00:48:47 MSK 2022::Threat found in D:\Install\hamachi\x64\LMIGuardianEvt.Dll
Threat id = 2
Wed May 18 00:48:47 MSK 2022::Threat found in D:\Install\hamachi\x64\LMIGuardianSvc.exe
Threat id = 2
Wed May 18 00:49:47 MSK 2022::Threat found in D:\Install\hamachi\hamachi-2-ui.exe
Threat id = 1
Wed May 18 00:49:47 MSK 2022::Threat found in D:\Install\hamachi\hamachi-2-ui.exe
Threat id = 2
Wed May 18 00:49:48 MSK 2022::Threat found in D:\Install\hamachi\LMIGuardianDll.dll
Threat id = 1
Wed May 18 00:49:48 MSK 2022::Threat found in D:\Install\hamachi\LMIGuardianDll.dll
Threat id = 2
Wed May 18 00:49:48 MSK 2022::Threat found in D:\Install\hamachi\LMIGuardianEvt.Dll
Threat id = 2
Wed May 18 00:49:48 MSK 2022::Threat found in D:\Install\hamachi\LMIGuardianSvc.exe
Threat id = 2
Wed May 18 00:49:49 MSK 2022::Threat found in D:\Install\hamachi\x64\hamachi-2.exe
Threat id = 1
Wed May 18 00:49:49 MSK 2022::Threat found in D:\Install\hamachi\x64\hamachi-2.exe
Threat id = 2
Wed May 18 00:49:49 MSK 2022::Threat found in D:\Install\hamachi\x64\hamachi.sys
Threat id = 2
Wed May 18 00:49:50 MSK 2022::Threat found in D:\Install\hamachi\x64\hamdrv.sys
Threat id = 2
Wed May 18 00:49:50 MSK 2022::Threat found in D:\Install\hamachi\x64\LMIGuardianDll.dll
Threat id = 1
Wed May 18 00:49:50 MSK 2022::Threat found in D:\Install\hamachi\x64\LMIGuardianDll.dll
Threat id = 2
Wed May 18 00:49:50 MSK 2022::Threat found in D:\Install\hamachi\x64\LMIGuardianEvt.Dll
Threat id = 2
Wed May 18 00:49:50 MSK 2022::Threat found in D:\Install\hamachi\x64\LMIGuardianSvc.exe
Threat id = 2
Wed May 18 00:50:57 MSK 2022::Threat found in D:\Install\hamachi\hamachi-2-ui.exe
Threat id = 1
Wed May 18 00:50:57 MSK 2022::Threat found in D:\Install\hamachi\hamachi-2-ui.exe
Threat id = 2
Wed May 18 00:50:58 MSK 2022::Threat found in D:\Install\hamachi\LMIGuardianDll.dll
Threat id = 1
Wed May 18 00:50:58 MSK 2022::Threat found in D:\Install\hamachi\LMIGuardianDll.dll
Threat id = 2
Wed May 18 00:50:58 MSK 2022::Threat found in D:\Install\hamachi\LMIGuardianEvt.Dll
Threat id = 2
Wed May 18 00:50:58 MSK 2022::Threat found in D:\Install\hamachi\LMIGuardianSvc.exe
Threat id = 2
Wed May 18 00:50:59 MSK 2022::Threat found in D:\Install\hamachi\x64\hamachi-2.exe
Threat id = 1
Wed May 18 00:50:59 MSK 2022::Threat found in D:\Install\hamachi\x64\hamachi-2.exe
Threat id = 2
Wed May 18 00:50:59 MSK 2022::Threat found in D:\Install\hamachi\x64\hamachi.sys
Threat id = 2
Wed May 18 00:50:59 MSK 2022::Threat found in D:\Install\hamachi\x64\hamdrv.sys
Threat id = 2
Wed May 18 00:51:00 MSK 2022::Threat found in D:\Install\hamachi\x64\LMIGuardianDll.dll
Threat id = 1
Wed May 18 00:51:00 MSK 2022::Threat found in D:\Install\hamachi\x64\LMIGuardianDll.dll
Threat id = 2
Wed May 18 00:51:00 MSK 2022::Threat found in D:\Install\hamachi\x64\LMIGuardianEvt.Dll
Threat id = 2
Wed May 18 00:51:00 MSK 2022::Threat found in D:\Install\hamachi\x64\LMIGuardianSvc.exe
Threat id = 2
Wed May 18 00:52:14 MSK 2022::Threat found in D:\Install\hamachi\hamachi-2-ui.exe
Threat id = 1
Wed May 18 00:52:14 MSK 2022::Threat found in D:\Install\hamachi\hamachi-2-ui.exe
Threat id = 2
Wed May 18 00:52:14 MSK 2022::Threat found in D:\Install\hamachi\LMIGuardianDll.dll
Threat id = 1
Wed May 18 00:52:15 MSK 2022::Threat found in D:\Install\hamachi\LMIGuardianDll.dll
Threat id = 2
Wed May 18 00:52:15 MSK 2022::Threat found in D:\Install\hamachi\LMIGuardianEvt.Dll
Threat id = 2
Wed May 18 00:52:15 MSK 2022::Threat found in D:\Install\hamachi\LMIGuardianSvc.exe
Threat id = 2
Wed May 18 00:52:15 MSK 2022::Threat found in D:\Install\hamachi\x64\hamachi-2.exe
Threat id = 1
Wed May 18 00:52:16 MSK 2022::Threat found in D:\Install\hamachi\x64\hamachi-2.exe
Threat id = 2
Wed May 18 00:52:16 MSK 2022::Threat found in D:\Install\hamachi\x64\hamachi.sys
Threat id = 2
Wed May 18 00:52:16 MSK 2022::Threat found in D:\Install\hamachi\x64\hamdrv.sys
Threat id = 2
Wed May 18 00:52:16 MSK 2022::Threat found in D:\Install\hamachi\x64\LMIGuardianDll.dll
Threat id = 1
Wed May 18 00:52:16 MSK 2022::Threat found in D:\Install\hamachi\x64\LMIGuardianDll.dll
Threat id = 2
Wed May 18 00:52:17 MSK 2022::Threat found in D:\Install\hamachi\x64\LMIGuardianEvt.Dll
Threat id = 2
Wed May 18 00:52:17 MSK 2022::Threat found in D:\Install\hamachi\x64\LMIGuardianSvc.exe
Threat id = 2
Wed May 18 00:53:02 MSK 2022::Threat found in D:\Install\hamachi\hamachi-2-ui.exe
Threat id = 1
Wed May 18 00:53:02 MSK 2022::Threat found in D:\Install\hamachi\hamachi-2-ui.exe
Threat id = 2
Wed May 18 00:53:02 MSK 2022::Threat found in D:\Install\hamachi\LMIGuardianDll.dll
Threat id = 1
Wed May 18 00:53:02 MSK 2022::Threat found in D:\Install\hamachi\LMIGuardianDll.dll
Threat id = 2
Wed May 18 00:53:03 MSK 2022::Threat found in D:\Install\hamachi\LMIGuardianEvt.Dll
Threat id = 2
Wed May 18 00:53:03 MSK 2022::Threat found in D:\Install\hamachi\LMIGuardianSvc.exe
Threat id = 2
Wed May 18 00:53:03 MSK 2022::Threat found in D:\Install\hamachi\x64\hamachi-2.exe
Threat id = 1
Wed May 18 00:53:03 MSK 2022::Threat found in D:\Install\hamachi\x64\hamachi-2.exe
Threat id = 2
Wed May 18 00:53:04 MSK 2022::Threat found in D:\Install\hamachi\x64\hamachi.sys
Threat id = 2
Wed May 18 00:53:04 MSK 2022::Threat found in D:\Install\hamachi\x64\hamdrv.sys
Threat id = 2
Wed May 18 00:53:04 MSK 2022::Threat found in D:\Install\hamachi\x64\LMIGuardianDll.dll
Threat id = 1
Wed May 18 00:53:04 MSK 2022::Threat found in D:\Install\hamachi\x64\LMIGuardianDll.dll
Threat id = 2
Wed May 18 00:53:04 MSK 2022::Threat found in D:\Install\hamachi\x64\LMIGuardianEvt.Dll
Threat id = 2
Wed May 18 00:53:05 MSK 2022::Threat found in D:\Install\hamachi\x64\LMIGuardianSvc.exe
Threat id = 2
Wed May 18 00:53:21 MSK 2022::Threat found in D:\Install\ArtMoney_v8.04\artmoney800rus32.exe
Threat id = 1
Wed May 18 00:53:21 MSK 2022::Threat found in D:\Install\ArtMoney_v8.04\artmoney800rus32.exe
Threat id = 2
Wed May 18 00:53:22 MSK 2022::Threat found in D:\Install\ArtMoney_v8.04\artmoney800rus64.exe
Threat id = 1
Wed May 18 00:53:22 MSK 2022::Threat found in D:\Install\ArtMoney_v8.04\artmoney800rus64.exe
Threat id = 2
Wed May 18 01:26:19 MSK 2022::Threat found in D:\Install\ArtMoney_v8.04\artmoney800rus32.exe
Threat id = 1
Wed May 18 01:26:19 MSK 2022::Threat found in D:\Install\ArtMoney_v8.04\artmoney800rus32.exe
Threat id = 2
Wed May 18 01:26:20 MSK 2022::Threat found in D:\Install\ArtMoney_v8.04\artmoney800rus64.exe
Threat id = 1
Wed May 18 01:26:20 MSK 2022::Threat found in D:\Install\ArtMoney_v8.04\artmoney800rus64.exe
Threat id = 2
